{"item": "voice recorder", "user": 965, "date": "2023-09-30T03:19:58Z"}
{"item": "walkie-talkie", "user": 249, "date": "2023-09-30T03:19:58Z"}
{"item": "virtual reality headset", "user": 694, "date": "2023-09-30T03:19:58Z"}
{"item": "walkie-talkie", "user": 241, "date": "2023-09-30T03:19:58Z"}
{"item": "external DVD drive", "user": 26, "date": "2023-09-30T03:19:58Z"}
{"item": "RFID reader", "user": 652, "date": "2023-09-30T03:19:58Z"}
{"item": "virtual reality headset", "user": 505, "date": "2023-09-30T03:19:58Z"}
{"item": "wireless keyboard", "user": 176, "date": "2023-09-30T03:19:58Z"}
{"item": "printer ink", "user": 979, "date": "2023-09-30T03:19:58Z"}
{"item": "Wearable fitness tracker", "user": 828, "date": "2023-09-30T03:19:58Z"}
{"item": "printer", "user": 19, "date": "2023-09-30T03:19:58Z"}
{"item": "signal generator", "user": 910, "date": "2023-09-30T03:19:58Z"}
{"item": "voice amplifier", "user": 274, "date": "2023-09-30T03:19:58Z"}
{"item": "robotic exoskeleton", "user": 305, "date": "2023-09-30T03:19:58Z"}
{"item": "CNC machine", "user": 185, "date": "2023-09-30T03:19:58Z"}
{"item": "smart mirror", "user": 541, "date": "2023-09-30T03:19:58Z"}
{"item": "circuit board", "user": 903, "date": "2023-09-30T03:19:58Z"}
{"item": "RAM", "user": 353, "date": "2023-09-30T03:19:58Z"}
{"item": "circuit simulator", "user": 403, "date": "2023-09-30T03:19:58Z"}
{"item": "smart thermostat", "user": 736, "date": "2023-09-30T03:19:58Z"}
{"item": "stylus pen", "user": 553, "date": "2023-09-30T03:19:58Z"}
{"item": "action camera", "user": 165, "date": "2023-09-30T03:19:58Z"}
{"item": "signal analyzer", "user": 9, "date": "2023-09-30T03:19:58Z"}
{"item": "SIM card reader", "user": 143, "date": "2023-09-30T03:19:58Z"}
{"item": "TV wall mount", "user": 994, "date": "2023-09-30T03:19:58Z"}
{"item": "smart thermostat", "user": 117, "date": "2023-09-30T03:19:58Z"}
{"item": "USB hub", "user": 657, "date": "2023-09-30T03:19:58Z"}
{"item": "scientific calculator", "user": 557, "date": "2023-09-30T03:19:58Z"}
{"item": "colorimeter", "user": 240, "date": "2023-09-30T03:19:58Z"}
{"item": "signal analyzer", "user": 537, "date": "2023-09-30T03:19:58Z"}
{"item": "RFID tag", "user": 271, "date": "2023-09-30T03:19:58Z"}
{"item": "smart mirror", "user": 974, "date": "2023-09-30T03:19:58Z"}
{"item": "USB hub", "user": 753, "date": "2023-09-30T03:19:58Z"}
{"item": "Raspberry Pi", "user": 27, "date": "2023-09-30T03:19:58Z"}
{"item": "robot vacuum", "user": 663, "date": "2023-09-30T03:19:58Z"}
{"item": "signal oscilloscope", "user": 263, "date": "2023-09-30T03:19:58Z"}
{"item": "circuit board", "user": 724, "date": "2023-09-30T03:19:58Z"}
{"item": "smart doorbell", "user": 900, "date": "2023-09-30T03:19:58Z"}
{"item": "3D printer", "user": 447, "date": "2023-09-30T03:19:58Z"}
{"item": "robotic arm", "user": 717, "date": "2023-09-30T03:19:58Z"}
{"item": "bluetooth speaker", "user": 535, "date": "2023-09-30T03:19:58Z"}
{"item": "GoPro camera", "user": 349, "date": "2023-09-30T03:19:58Z"}
{"item": "USB hub", "user": 255, "date": "2023-09-30T03:19:58Z"}
{"item": "digital photo frame", "user": 768, "date": "2023-09-30T03:19:58Z"}
{"item": "soldering station", "user": 175, "date": "2023-09-30T03:19:58Z"}
{"item": "POS system", "user": 394, "date": "2023-09-30T03:19:58Z"}
{"item": "USB microphone", "user": 337, "date": "2023-09-30T03:19:58Z"}
{"item": "Wacom tablet", "user": 302, "date": "2023-09-30T03:19:58Z"}
{"item": "smart lock", "user": 727, "date": "2023-09-30T03:19:58Z"}
{"item": "colorimeter", "user": 135, "date": "2023-09-30T03:19:58Z"}
