{"item": "external hard drive", "user": 348, "date": "2023-09-30T02:25:06Z"}
{"item": "e-reader", "user": 250, "date": "2023-09-30T02:25:06Z"}
{"item": "digital microscope", "user": 243, "date": "2023-09-30T02:25:06Z"}
{"item": "barcode printer", "user": 595, "date": "2023-09-30T02:25:06Z"}
{"item": "graphing calculator", "user": 773, "date": "2023-09-30T02:25:06Z"}
{"item": "circuit simulator", "user": 94, "date": "2023-09-30T02:25:06Z"}
{"item": "robot arm", "user": 383, "date": "2023-09-30T02:25:06Z"}
{"item": "gaming mouse", "user": 614, "date": "2023-09-30T02:25:06Z"}
{"item": "graphing tablet", "user": 949, "date": "2023-09-30T02:25:06Z"}
{"item": "VR headset", "user": 349, "date": "2023-09-30T02:25:06Z"}
{"item": "graphing calculator", "user": 319, "date": "2023-09-30T02:25:06Z"}
{"item": "digital camera", "user": 847, "date": "2023-09-30T02:25:06Z"}
{"item": "hard disk drive", "user": 270, "date": "2023-09-30T02:25:06Z"}
{"item": "cable tester", "user": 734, "date": "2023-09-30T02:25:06Z"}
{"item": "drone", "user": 230, "date": "2023-09-30T02:25:06Z"}
{"item": "wireless mouse", "user": 84, "date": "2023-09-30T02:25:06Z"}
{"item": "robotic toy", "user": 522, "date": "2023-09-30T02:25:06Z"}
{"item": "home theater projector", "user": 109, "date": "2023-09-30T02:25:06Z"}
{"item": "LED sign", "user": 530, "date": "2023-09-30T02:25:06Z"}
{"item": "LED sign", "user": 224, "date": "2023-09-30T02:25:06Z"}
{"item": "power strip", "user": 302, "date": "2023-09-30T02:25:06Z"}
{"item": "smart ring", "user": 595, "date": "2023-09-30T02:25:06Z"}
{"item": "RFID reader", "user": 132, "date": "2023-09-30T02:25:06Z"}
{"item": "Bluetooth headphones", "user": 962, "date": "2023-09-30T02:25:06Z"}
{"item": "printer ink", "user": 615, "date": "2023-09-30T02:25:06Z"}
{"item": "robot vacuum", "user": 289, "date": "2023-09-30T02:25:06Z"}
{"item": "robotic controller", "user": 503, "date": "2023-09-30T02:25:06Z"}
{"item": "wireless microphone", "user": 43, "date": "2023-09-30T02:25:06Z"}
{"item": "stylus pen", "user": 649, "date": "2023-09-30T02:25:06Z"}
{"item": "electronic scale", "user": 250, "date": "2023-09-30T02:25:06Z"}
{"item": "router", "user": 557, "date": "2023-09-30T02:25:06Z"}
{"item": "robotic exoskeleton", "user": 224, "date": "2023-09-30T02:25:06Z"}
{"item": "circuit board", "user": 494, "date": "2023-09-30T02:25:06Z"}
{"item": "robotic controller", "user": 815, "date": "2023-09-30T02:25:06Z"}
{"item": "monitor", "user": 170, "date": "2023-09-30T02:25:06Z"}
{"item": "wireless barcode scanner", "user": 634, "date": "2023-09-30T02:25:06Z"}
{"item": "smart belt", "user": 704, "date": "2023-09-30T02:25:06Z"}
{"item": "smart mirror", "user": 944, "date": "2023-09-30T02:25:06Z"}
{"item": "home theater projector", "user": 833, "date": "2023-09-30T02:25:06Z"}
{"item": "home theater projector", "user": 428, "date": "2023-09-30T02:25:06Z"}
{"item": "printer", "user": 557, "date": "2023-09-30T02:25:06Z"}
{"item": "document camera", "user": 247, "date": "2023-09-30T02:25:06Z"}
{"item": "wireless keyboard", "user": 824, "date": "2023-09-30T02:25:06Z"}
{"item": "RAM", "user": 947, "date": "2023-09-30T02:25:06Z"}
{"item": "wireless presenter", "user": 241, "date": "2023-09-30T02:25:06Z"}
{"item": "wireless earbuds", "user": 795, "date": "2023-09-30T02:25:06Z"}
{"item": "robotic prosthetic", "user": 336, "date": "2023-09-30T02:25:06Z"}
{"item": "handheld scanner", "user": 649, "date": "2023-09-30T02:25:06Z"}
{"item": "cable tester", "user": 630, "date": "2023-09-30T02:25:06Z"}
{"item": "USB flash drive", "user": 840, "date": "2023-09-30T02:25:06Z"}
{"item": "smart bulb", "user": 880, "date": "2023-09-30T02:52:08Z"}
{"item": "router", "user": 696, "date": "2023-09-30T02:52:08Z"}
{"item": "RAM", "user": 974, "date": "2023-09-30T02:52:08Z"}
{"item": "USB hub", "user": 107, "date": "2023-09-30T02:52:08Z"}
{"item": "barcode scanner", "user": 574, "date": "2023-09-30T02:52:08Z"}
{"item": "external hard drive", "user": 780, "date": "2023-09-30T02:52:08Z"}
{"item": "smart glasses", "user": 466, "date": "2023-09-30T02:52:08Z"}
{"item": "3D printer", "user": 353, "date": "2023-09-30T02:52:08Z"}
{"item": "POS system", "user": 73, "date": "2023-09-30T02:52:08Z"}
{"item": "HDMI splitter", "user": 210, "date": "2023-09-30T02:52:08Z"}
{"item": "mouse", "user": 861, "date": "2023-09-30T02:52:08Z"}
{"item": "wireless mouse", "user": 310, "date": "2023-09-30T02:52:08Z"}
{"item": "USB microphone", "user": 619, "date": "2023-09-30T02:52:08Z"}
{"item": "3D printer", "user": 130, "date": "2023-09-30T02:52:08Z"}
{"item": "wireless keyboard", "user": 421, "date": "2023-09-30T02:52:08Z"}
{"item": "VR headset", "user": 291, "date": "2023-09-30T02:52:08Z"}
{"item": "barcode printer", "user": 33, "date": "2023-09-30T02:52:08Z"}
{"item": "smartphone", "user": 708, "date": "2023-09-30T02:52:08Z"}
{"item": "fitness tracker", "user": 288, "date": "2023-09-30T02:52:08Z"}
{"item": "3D printing pen", "user": 374, "date": "2023-09-30T02:52:08Z"}
{"item": "gaming headset", "user": 29, "date": "2023-09-30T02:52:08Z"}
{"item": "smart belt", "user": 715, "date": "2023-09-30T02:52:08Z"}
{"item": "voice recorder", "user": 185, "date": "2023-09-30T02:52:08Z"}
{"item": "voice amplifier", "user": 411, "date": "2023-09-30T02:52:08Z"}
{"item": "computer processor", "user": 614, "date": "2023-09-30T02:52:08Z"}
{"item": "GPS tracker", "user": 478, "date": "2023-09-30T02:52:08Z"}
{"item": "power bank", "user": 10, "date": "2023-09-30T02:52:08Z"}
{"item": "signal generator", "user": 51, "date": "2023-09-30T02:52:08Z"}
{"item": "computer case", "user": 697, "date": "2023-09-30T02:52:08Z"}
{"item": "dual monitor stand", "user": 798, "date": "2023-09-30T02:52:08Z"}
{"item": "robotic prosthetic", "user": 541, "date": "2023-09-30T02:52:08Z"}
{"item": "smart mirror", "user": 35, "date": "2023-09-30T02:52:08Z"}
{"item": "motion sensor", "user": 862, "date": "2023-09-30T02:52:08Z"}
{"item": "robotic kit", "user": 820, "date": "2023-09-30T02:52:08Z"}
{"item": "wireless mouse", "user": 70, "date": "2023-09-30T02:52:08Z"}
{"item": "laptop", "user": 824, "date": "2023-09-30T02:52:08Z"}
{"item": "LED sign", "user": 960, "date": "2023-09-30T02:52:08Z"}
{"item": "ethernet cable", "user": 250, "date": "2023-09-30T02:52:08Z"}
{"item": "GPS tracker", "user": 408, "date": "2023-09-30T02:52:08Z"}
{"item": "home theater projector", "user": 820, "date": "2023-09-30T02:52:08Z"}
{"item": "GoPro camera", "user": 274, "date": "2023-09-30T02:52:08Z"}
{"item": "graphing tablet", "user": 785, "date": "2023-09-30T02:52:08Z"}
{"item": "robot lawn mower", "user": 581, "date": "2023-09-30T02:52:08Z"}
{"item": "robotic kit", "user": 3, "date": "2023-09-30T02:52:08Z"}
{"item": "laptop", "user": 983, "date": "2023-09-30T02:52:08Z"}
{"item": "USB-C dock", "user": 387, "date": "2023-09-30T02:52:08Z"}
{"item": "digital hygrometer", "user": 824, "date": "2023-09-30T02:52:08Z"}
{"item": "barcode printer", "user": 378, "date": "2023-09-30T02:52:08Z"}
{"item": "thermal imaging camera", "user": 76, "date": "2023-09-30T02:52:08Z"}
{"item": "cord organizer", "user": 953, "date": "2023-09-30T02:52:08Z"}
{"item": "stylus pen", "user": 380, "date": "2023-09-30T03:19:26Z"}
{"item": "graphing calculator", "user": 148, "date": "2023-09-30T03:19:26Z"}
{"item": "smart doorbell", "user": 789, "date": "2023-09-30T03:19:26Z"}
{"item": "robot vacuum", "user": 648, "date": "2023-09-30T03:19:26Z"}
{"item": "thermal paste", "user": 118, "date": "2023-09-30T03:19:26Z"}
{"item": "GPS device", "user": 300, "date": "2023-09-30T03:19:26Z"}
{"item": "barcode scanner", "user": 818, "date": "2023-09-30T03:19:26Z"}
{"item": "VR headset", "user": 532, "date": "2023-09-30T03:19:26Z"}
{"item": "microcontroller", "user": 891, "date": "2023-09-30T03:19:26Z"}
{"item": "smart bulb", "user": 142, "date": "2023-09-30T03:19:26Z"}
{"item": "Bluetooth headphones", "user": 220, "date": "2023-09-30T03:19:26Z"}
{"item": "smart lock", "user": 127, "date": "2023-09-30T03:19:26Z"}
{"item": "RFID tag", "user": 196, "date": "2023-09-30T03:19:26Z"}
{"item": "printer ink", "user": 602, "date": "2023-09-30T03:19:26Z"}
{"item": "wireless presenter", "user": 317, "date": "2023-09-30T03:19:26Z"}
{"item": "thermal imaging camera", "user": 177, "date": "2023-09-30T03:19:26Z"}
{"item": "robotic sensor", "user": 113, "date": "2023-09-30T03:19:26Z"}
{"item": "portable charger", "user": 932, "date": "2023-09-30T03:19:26Z"}
{"item": "TV wall mount", "user": 759, "date": "2023-09-30T03:19:26Z"}
{"item": "robotic kit", "user": 895, "date": "2023-09-30T03:19:26Z"}
{"item": "robotic controller", "user": 750, "date": "2023-09-30T03:19:26Z"}
{"item": "soldering iron", "user": 745, "date": "2023-09-30T03:19:26Z"}
{"item": "circuit simulator", "user": 998, "date": "2023-09-30T03:19:26Z"}
{"item": "robot vacuum", "user": 644, "date": "2023-09-30T03:19:26Z"}
{"item": "Wearable fitness tracker", "user": 176, "date": "2023-09-30T03:19:26Z"}
{"item": "universal remote", "user": 434, "date": "2023-09-30T03:19:26Z"}
{"item": "robotic exoskeleton", "user": 679, "date": "2023-09-30T03:19:26Z"}
{"item": "wireless mouse", "user": 760, "date": "2023-09-30T03:19:26Z"}
{"item": "POS system", "user": 300, "date": "2023-09-30T03:19:26Z"}
{"item": "digital oscilloscope", "user": 519, "date": "2023-09-30T03:19:26Z"}
{"item": "smart belt", "user": 982, "date": "2023-09-30T03:19:26Z"}
{"item": "digital hygrometer", "user": 134, "date": "2023-09-30T03:19:26Z"}
{"item": "webcam", "user": 835, "date": "2023-09-30T03:19:26Z"}
{"item": "smartphone", "user": 297, "date": "2023-09-30T03:19:26Z"}
{"item": "game controller", "user": 270, "date": "2023-09-30T03:19:26Z"}
{"item": "wireless presenter", "user": 925, "date": "2023-09-30T03:19:26Z"}
{"item": "3D printing pen", "user": 811, "date": "2023-09-30T03:19:26Z"}
{"item": "graphing tablet", "user": 332, "date": "2023-09-30T03:19:26Z"}
{"item": "keyboard", "user": 315, "date": "2023-09-30T03:19:26Z"}
{"item": "graphing tablet", "user": 179, "date": "2023-09-30T03:19:26Z"}
{"item": "smart ring", "user": 990, "date": "2023-09-30T03:19:26Z"}
{"item": "microphone", "user": 778, "date": "2023-09-30T03:19:26Z"}
{"item": "robot arm", "user": 3, "date": "2023-09-30T03:19:26Z"}
{"item": "robotic software", "user": 671, "date": "2023-09-30T03:19:26Z"}
{"item": "VR treadmill", "user": 129, "date": "2023-09-30T03:19:26Z"}
{"item": "digital camera", "user": 363, "date": "2023-09-30T03:19:26Z"}
{"item": "portable SSD", "user": 250, "date": "2023-09-30T03:19:26Z"}
{"item": "LED matrix display", "user": 901, "date": "2023-09-30T03:19:26Z"}
{"item": "wireless presenter", "user": 999, "date": "2023-09-30T03:19:26Z"}
{"item": "smart bulb", "user": 652, "date": "2023-09-30T03:19:26Z"}
{"item": "robotic arm", "user": 60, "date": "2023-09-30T03:19:54Z"}
{"item": "Wearable fitness tracker", "user": 767, "date": "2023-09-30T03:19:54Z"}
{"item": "gaming keyboard", "user": 643, "date": "2023-09-30T03:19:54Z"}
{"item": "robotic software", "user": 579, "date": "2023-09-30T03:19:54Z"}
{"item": "laptop", "user": 773, "date": "2023-09-30T03:19:54Z"}
{"item": "mouse", "user": 780, "date": "2023-09-30T03:19:54Z"}
{"item": "CNC machine", "user": 924, "date": "2023-09-30T03:19:54Z"}
{"item": "Bluetooth headphones", "user": 565, "date": "2023-09-30T03:19:54Z"}
{"item": "robotic sensor", "user": 873, "date": "2023-09-30T03:19:54Z"}
{"item": "robot vacuum", "user": 538, "date": "2023-09-30T03:19:54Z"}
{"item": "robotic sensor", "user": 882, "date": "2023-09-30T03:19:54Z"}
{"item": "graphics card", "user": 265, "date": "2023-09-30T03:19:54Z"}
{"item": "wireless microphone", "user": 799, "date": "2023-09-30T03:19:54Z"}
{"item": "gaming console", "user": 391, "date": "2023-09-30T03:19:54Z"}
{"item": "LED sign", "user": 470, "date": "2023-09-30T03:19:54Z"}
{"item": "webcam", "user": 547, "date": "2023-09-30T03:19:54Z"}
{"item": "smart belt", "user": 865, "date": "2023-09-30T03:19:54Z"}
{"item": "cord organizer", "user": 861, "date": "2023-09-30T03:19:54Z"}
{"item": "ethernet cable", "user": 629, "date": "2023-09-30T03:19:54Z"}
{"item": "circuit simulator", "user": 903, "date": "2023-09-30T03:19:54Z"}
{"item": "LED sign", "user": 919, "date": "2023-09-30T03:19:54Z"}
{"item": "voice recorder", "user": 788, "date": "2023-09-30T03:19:54Z"}
{"item": "robot vacuum cleaner", "user": 658, "date": "2023-09-30T03:19:54Z"}
{"item": "POS system", "user": 738, "date": "2023-09-30T03:19:54Z"}
{"item": "computer processor", "user": 355, "date": "2023-09-30T03:19:54Z"}
{"item": "smart bulb", "user": 537, "date": "2023-09-30T03:19:54Z"}
{"item": "digital camera", "user": 266, "date": "2023-09-30T03:19:54Z"}
{"item": "robot kit", "user": 852, "date": "2023-09-30T03:19:54Z"}
{"item": "LED matrix display", "user": 89, "date": "2023-09-30T03:19:54Z"}
{"item": "printer ink", "user": 847, "date": "2023-09-30T03:19:54Z"}
{"item": "solid-state drive", "user": 100, "date": "2023-09-30T03:19:54Z"}
{"item": "GPS device", "user": 801, "date": "2023-09-30T03:19:54Z"}
{"item": "power strip", "user": 595, "date": "2023-09-30T03:19:54Z"}
{"item": "CNC machine", "user": 728, "date": "2023-09-30T03:19:54Z"}
{"item": "computer case", "user": 297, "date": "2023-09-30T03:19:54Z"}
{"item": "smart glasses", "user": 123, "date": "2023-09-30T03:19:54Z"}
{"item": "wireless charger", "user": 260, "date": "2023-09-30T03:19:54Z"}
{"item": "robotic software", "user": 558, "date": "2023-09-30T03:19:54Z"}
{"item": "laptop", "user": 698, "date": "2023-09-30T03:19:54Z"}
{"item": "motherboard", "user": 990, "date": "2023-09-30T03:19:54Z"}
{"item": "dual monitor stand", "user": 1000, "date": "2023-09-30T03:19:54Z"}
{"item": "inkjet printer", "user": 970, "date": "2023-09-30T03:19:54Z"}
{"item": "3D printer", "user": 996, "date": "2023-09-30T03:19:54Z"}
{"item": "wireless headphones", "user": 422, "date": "2023-09-30T03:19:54Z"}
{"item": "smartphone", "user": 618, "date": "2023-09-30T03:19:54Z"}
{"item": "digital oscilloscope", "user": 265, "date": "2023-09-30T03:19:54Z"}
{"item": "multimeter", "user": 511, "date": "2023-09-30T03:19:54Z"}
{"item": "signal analyzer", "user": 658, "date": "2023-09-30T03:19:54Z"}
{"item": "smart thermostat", "user": 627, "date": "2023-09-30T03:19:54Z"}
{"item": "graphing calculator", "user": 859, "date": "2023-09-30T03:19:54Z"}
{"item": "router", "user": 230, "date": "2023-09-30T03:19:59Z"}
{"item": "wireless charger", "user": 846, "date": "2023-09-30T03:19:59Z"}
{"item": "Raspberry Pi", "user": 489, "date": "2023-09-30T03:19:59Z"}
{"item": "signal analyzer", "user": 233, "date": "2023-09-30T03:19:59Z"}
{"item": "inkjet printer", "user": 706, "date": "2023-09-30T03:19:59Z"}
{"item": "motion sensor", "user": 492, "date": "2023-09-30T03:19:59Z"}
{"item": "gaming headset", "user": 476, "date": "2023-09-30T03:19:59Z"}
{"item": "signal oscilloscope", "user": 713, "date": "2023-09-30T03:19:59Z"}
{"item": "keyboard", "user": 817, "date": "2023-09-30T03:19:59Z"}
{"item": "home theater projector", "user": 739, "date": "2023-09-30T03:19:59Z"}
{"item": "drone charger", "user": 945, "date": "2023-09-30T03:19:59Z"}
{"item": "microphone", "user": 630, "date": "2023-09-30T03:19:59Z"}
{"item": "ethernet cable", "user": 75, "date": "2023-09-30T03:19:59Z"}
{"item": "GPS tracker", "user": 609, "date": "2023-09-30T03:19:59Z"}
{"item": "e-ink display", "user": 817, "date": "2023-09-30T03:19:59Z"}
{"item": "power bank", "user": 367, "date": "2023-09-30T03:19:59Z"}
{"item": "fitness tracker", "user": 435, "date": "2023-09-30T03:19:59Z"}
{"item": "RFID reader", "user": 435, "date": "2023-09-30T03:19:59Z"}
{"item": "motherboard", "user": 446, "date": "2023-09-30T03:19:59Z"}
{"item": "camera", "user": 672, "date": "2023-09-30T03:19:59Z"}
{"item": "RFID reader", "user": 896, "date": "2023-09-30T03:19:59Z"}
{"item": "scientific calculator", "user": 105, "date": "2023-09-30T03:19:59Z"}
{"item": "Wacom tablet", "user": 194, "date": "2023-09-30T03:19:59Z"}
{"item": "solid-state drive", "user": 400, "date": "2023-09-30T03:19:59Z"}
{"item": "electronic scale", "user": 104, "date": "2023-09-30T03:19:59Z"}
{"item": "handheld scanner", "user": 501, "date": "2023-09-30T03:19:59Z"}
{"item": "3D printing pen", "user": 359, "date": "2023-09-30T03:19:59Z"}
{"item": "router", "user": 178, "date": "2023-09-30T03:19:59Z"}
{"item": "LED matrix display", "user": 378, "date": "2023-09-30T03:19:59Z"}
{"item": "wireless barcode scanner", "user": 246, "date": "2023-09-30T03:19:59Z"}
{"item": "Wearable fitness tracker", "user": 550, "date": "2023-09-30T03:19:59Z"}
{"item": "external hard drive", "user": 897, "date": "2023-09-30T03:19:59Z"}
{"item": "robotic exoskeleton", "user": 362, "date": "2023-09-30T03:19:59Z"}
{"item": "router", "user": 936, "date": "2023-09-30T03:19:59Z"}
{"item": "digital oscilloscope", "user": 972, "date": "2023-09-30T03:19:59Z"}
{"item": "power supply unit", "user": 81, "date": "2023-09-30T03:19:59Z"}
{"item": "monitor", "user": 470, "date": "2023-09-30T03:19:59Z"}
{"item": "gaming headset", "user": 550, "date": "2023-09-30T03:19:59Z"}
{"item": "smart belt", "user": 586, "date": "2023-09-30T03:19:59Z"}
{"item": "universal remote", "user": 644, "date": "2023-09-30T03:19:59Z"}
{"item": "hard disk drive", "user": 282, "date": "2023-09-30T03:19:59Z"}
{"item": "surround sound system", "user": 909, "date": "2023-09-30T03:19:59Z"}
{"item": "soldering station", "user": 337, "date": "2023-09-30T03:19:59Z"}
{"item": "tablet", "user": 212, "date": "2023-09-30T03:19:59Z"}
{"item": "gaming console", "user": 152, "date": "2023-09-30T03:19:59Z"}
{"item": "digital oscilloscope", "user": 268, "date": "2023-09-30T03:19:59Z"}
{"item": "wireless presenter", "user": 754, "date": "2023-09-30T03:19:59Z"}
{"item": "virtual reality headset", "user": 106, "date": "2023-09-30T03:19:59Z"}
{"item": "soundbar", "user": 625, "date": "2023-09-30T03:19:59Z"}
{"item": "handheld scanner", "user": 369, "date": "2023-09-30T03:19:59Z"}
