{"item": "robotic arm", "user": 838, "date": "2023-09-30T03:19:59Z"}
{"item": "3D printing pen", "user": 302, "date": "2023-09-30T03:19:59Z"}
{"item": "digital hygrometer", "user": 14, "date": "2023-09-30T03:19:59Z"}
{"item": "smart mirror", "user": 86, "date": "2023-09-30T03:19:59Z"}
{"item": "computer processor", "user": 559, "date": "2023-09-30T03:19:59Z"}
{"item": "GoPro camera", "user": 494, "date": "2023-09-30T03:19:59Z"}
{"item": "wireless charger", "user": 513, "date": "2023-09-30T03:19:59Z"}
{"item": "gaming headset", "user": 19, "date": "2023-09-30T03:19:59Z"}
{"item": "laser pointer", "user": 468, "date": "2023-09-30T03:19:59Z"}
{"item": "power bank", "user": 931, "date": "2023-09-30T03:19:59Z"}
{"item": "tablet", "user": 239, "date": "2023-09-30T03:19:59Z"}
{"item": "electronic scale", "user": 285, "date": "2023-09-30T03:19:59Z"}
{"item": "drone charger", "user": 294, "date": "2023-09-30T03:19:59Z"}
{"item": "wireless presenter", "user": 263, "date": "2023-09-30T03:19:59Z"}
{"item": "HDMI splitter", "user": 624, "date": "2023-09-30T03:19:59Z"}
{"item": "soldering station", "user": 154, "date": "2023-09-30T03:19:59Z"}
{"item": "smart glasses", "user": 457, "date": "2023-09-30T03:19:59Z"}
{"item": "camera", "user": 676, "date": "2023-09-30T03:19:59Z"}
{"item": "Wacom tablet", "user": 883, "date": "2023-09-30T03:19:59Z"}
{"item": "video switcher", "user": 405, "date": "2023-09-30T03:19:59Z"}
{"item": "wireless keyboard", "user": 505, "date": "2023-09-30T03:19:59Z"}
{"item": "smart mirror", "user": 627, "date": "2023-09-30T03:19:59Z"}
{"item": "signal analyzer", "user": 423, "date": "2023-09-30T03:19:59Z"}
{"item": "barcode printer", "user": 477, "date": "2023-09-30T03:19:59Z"}
{"item": "digital hygrometer", "user": 644, "date": "2023-09-30T03:19:59Z"}
{"item": "handheld scanner", "user": 500, "date": "2023-09-30T03:19:59Z"}
{"item": "webcam", "user": 948, "date": "2023-09-30T03:19:59Z"}
{"item": "HDMI cable", "user": 308, "date": "2023-09-30T03:19:59Z"}
{"item": "computer processor", "user": 510, "date": "2023-09-30T03:19:59Z"}
{"item": "home theater projector", "user": 672, "date": "2023-09-30T03:19:59Z"}
{"item": "robot arm", "user": 961, "date": "2023-09-30T03:19:59Z"}
{"item": "digital microscope", "user": 629, "date": "2023-09-30T03:19:59Z"}
{"item": "solar calculator", "user": 339, "date": "2023-09-30T03:19:59Z"}
{"item": "virtual reality headset", "user": 664, "date": "2023-09-30T03:19:59Z"}
{"item": "smart belt", "user": 292, "date": "2023-09-30T03:19:59Z"}
{"item": "solar calculator", "user": 543, "date": "2023-09-30T03:19:59Z"}
{"item": "laser pointer", "user": 297, "date": "2023-09-30T03:19:59Z"}
{"item": "mouse", "user": 716, "date": "2023-09-30T03:19:59Z"}
{"item": "digital oscilloscope", "user": 978, "date": "2023-09-30T03:19:59Z"}
{"item": "RAM", "user": 488, "date": "2023-09-30T03:19:59Z"}
{"item": "power strip", "user": 308, "date": "2023-09-30T03:19:59Z"}
{"item": "GoPro camera", "user": 705, "date": "2023-09-30T03:19:59Z"}
{"item": "hard disk drive", "user": 958, "date": "2023-09-30T03:19:59Z"}
{"item": "HDMI splitter", "user": 819, "date": "2023-09-30T03:19:59Z"}
{"item": "USB microphone", "user": 773, "date": "2023-09-30T03:19:59Z"}
{"item": "digital camera", "user": 38, "date": "2023-09-30T03:19:59Z"}
{"item": "voice amplifier", "user": 831, "date": "2023-09-30T03:19:59Z"}
{"item": "robot kit", "user": 646, "date": "2023-09-30T03:19:59Z"}
{"item": "robotic arm", "user": 595, "date": "2023-09-30T03:19:59Z"}
{"item": "VR treadmill", "user": 480, "date": "2023-09-30T03:19:59Z"}
