{"item": "soundbar", "user": 940, "date": "2023-09-30T03:19:58Z"}
{"item": "VR treadmill", "user": 100, "date": "2023-09-30T03:19:58Z"}
{"item": "ethernet cable", "user": 844, "date": "2023-09-30T03:19:58Z"}
{"item": "digital oscilloscope", "user": 499, "date": "2023-09-30T03:19:58Z"}
{"item": "document camera", "user": 91, "date": "2023-09-30T03:19:58Z"}
{"item": "signal oscilloscope", "user": 740, "date": "2023-09-30T03:19:58Z"}
{"item": "wireless charger", "user": 254, "date": "2023-09-30T03:19:58Z"}
{"item": "robot arm", "user": 901, "date": "2023-09-30T03:19:58Z"}
{"item": "laser pointer", "user": 24, "date": "2023-09-30T03:19:58Z"}
{"item": "microcontroller", "user": 243, "date": "2023-09-30T03:19:58Z"}
{"item": "solid-state drive", "user": 902, "date": "2023-09-30T03:19:58Z"}
{"item": "graphing calculator", "user": 367, "date": "2023-09-30T03:19:58Z"}
{"item": "game controller", "user": 879, "date": "2023-09-30T03:19:58Z"}
{"item": "soldering station", "user": 266, "date": "2023-09-30T03:19:58Z"}
{"item": "solar calculator", "user": 972, "date": "2023-09-30T03:19:58Z"}
{"item": "monitor", "user": 954, "date": "2023-09-30T03:19:58Z"}
{"item": "robotic prosthetic", "user": 820, "date": "2023-09-30T03:19:58Z"}
{"item": "3D printing pen", "user": 476, "date": "2023-09-30T03:19:58Z"}
{"item": "barcode printer", "user": 264, "date": "2023-09-30T03:19:58Z"}
{"item": "VR headset", "user": 78, "date": "2023-09-30T03:19:58Z"}
{"item": "robotic exoskeleton", "user": 535, "date": "2023-09-30T03:19:58Z"}
{"item": "graphing calculator", "user": 251, "date": "2023-09-30T03:19:58Z"}
{"item": "power supply unit", "user": 398, "date": "2023-09-30T03:19:58Z"}
{"item": "power strip", "user": 140, "date": "2023-09-30T03:19:58Z"}
{"item": "USB flash drive", "user": 322, "date": "2023-09-30T03:19:58Z"}
{"item": "robotic software", "user": 354, "date": "2023-09-30T03:19:58Z"}
{"item": "circuit board", "user": 805, "date": "2023-09-30T03:19:58Z"}
{"item": "thermal paste", "user": 438, "date": "2023-09-30T03:19:58Z"}
{"item": "GPS device", "user": 435, "date": "2023-09-30T03:19:58Z"}
{"item": "Raspberry Pi", "user": 329, "date": "2023-09-30T03:19:58Z"}
{"item": "wireless keyboard", "user": 596, "date": "2023-09-30T03:19:58Z"}
{"item": "laptop", "user": 260, "date": "2023-09-30T03:19:58Z"}
{"item": "3D printing pen", "user": 12, "date": "2023-09-30T03:19:58Z"}
{"item": "Wacom tablet", "user": 58, "date": "2023-09-30T03:19:58Z"}
{"item": "power bank", "user": 55, "date": "2023-09-30T03:19:58Z"}
{"item": "hard disk drive", "user": 3, "date": "2023-09-30T03:19:58Z"}
{"item": "action camera", "user": 491, "date": "2023-09-30T03:19:58Z"}
{"item": "motion sensor", "user": 458, "date": "2023-09-30T03:19:58Z"}
{"item": "video doorbell", "user": 4, "date": "2023-09-30T03:19:58Z"}
{"item": "SIM card reader", "user": 949, "date": "2023-09-30T03:19:58Z"}
{"item": "robot arm", "user": 392, "date": "2023-09-30T03:19:58Z"}
{"item": "virtual reality headset", "user": 813, "date": "2023-09-30T03:19:58Z"}
{"item": "smart lock", "user": 827, "date": "2023-09-30T03:19:58Z"}
{"item": "solar panel", "user": 120, "date": "2023-09-30T03:19:58Z"}
{"item": "soldering iron", "user": 483, "date": "2023-09-30T03:19:58Z"}
{"item": "CNC machine", "user": 253, "date": "2023-09-30T03:19:58Z"}
{"item": "printer", "user": 247, "date": "2023-09-30T03:19:58Z"}
{"item": "robot arm", "user": 325, "date": "2023-09-30T03:19:58Z"}
{"item": "smart belt", "user": 720, "date": "2023-09-30T03:19:58Z"}
{"item": "digital oscilloscope", "user": 964, "date": "2023-09-30T03:19:58Z"}
