{"item": "external hard drive", "user": 348, "date": "2023-09-30T02:25:06Z"}
{"item": "e-reader", "user": 250, "date": "2023-09-30T02:25:06Z"}
{"item": "digital microscope", "user": 243, "date": "2023-09-30T02:25:06Z"}
{"item": "barcode printer", "user": 595, "date": "2023-09-30T02:25:06Z"}
{"item": "graphing calculator", "user": 773, "date": "2023-09-30T02:25:06Z"}
{"item": "circuit simulator", "user": 94, "date": "2023-09-30T02:25:06Z"}
{"item": "robot arm", "user": 383, "date": "2023-09-30T02:25:06Z"}
{"item": "gaming mouse", "user": 614, "date": "2023-09-30T02:25:06Z"}
{"item": "graphing tablet", "user": 949, "date": "2023-09-30T02:25:06Z"}
{"item": "VR headset", "user": 349, "date": "2023-09-30T02:25:06Z"}
{"item": "graphing calculator", "user": 319, "date": "2023-09-30T02:25:06Z"}
{"item": "digital camera", "user": 847, "date": "2023-09-30T02:25:06Z"}
{"item": "hard disk drive", "user": 270, "date": "2023-09-30T02:25:06Z"}
{"item": "cable tester", "user": 734, "date": "2023-09-30T02:25:06Z"}
{"item": "drone", "user": 230, "date": "2023-09-30T02:25:06Z"}
{"item": "wireless mouse", "user": 84, "date": "2023-09-30T02:25:06Z"}
{"item": "robotic toy", "user": 522, "date": "2023-09-30T02:25:06Z"}
{"item": "home theater projector", "user": 109, "date": "2023-09-30T02:25:06Z"}
{"item": "LED sign", "user": 530, "date": "2023-09-30T02:25:06Z"}
{"item": "LED sign", "user": 224, "date": "2023-09-30T02:25:06Z"}
{"item": "power strip", "user": 302, "date": "2023-09-30T02:25:06Z"}
{"item": "smart ring", "user": 595, "date": "2023-09-30T02:25:06Z"}
{"item": "RFID reader", "user": 132, "date": "2023-09-30T02:25:06Z"}
{"item": "Bluetooth headphones", "user": 962, "date": "2023-09-30T02:25:06Z"}
{"item": "printer ink", "user": 615, "date": "2023-09-30T02:25:06Z"}
{"item": "robot vacuum", "user": 289, "date": "2023-09-30T02:25:06Z"}
{"item": "robotic controller", "user": 503, "date": "2023-09-30T02:25:06Z"}
{"item": "wireless microphone", "user": 43, "date": "2023-09-30T02:25:06Z"}
{"item": "stylus pen", "user": 649, "date": "2023-09-30T02:25:06Z"}
{"item": "electronic scale", "user": 250, "date": "2023-09-30T02:25:06Z"}
{"item": "router", "user": 557, "date": "2023-09-30T02:25:06Z"}
{"item": "robotic exoskeleton", "user": 224, "date": "2023-09-30T02:25:06Z"}
{"item": "circuit board", "user": 494, "date": "2023-09-30T02:25:06Z"}
{"item": "robotic controller", "user": 815, "date": "2023-09-30T02:25:06Z"}
{"item": "monitor", "user": 170, "date": "2023-09-30T02:25:06Z"}
{"item": "wireless barcode scanner", "user": 634, "date": "2023-09-30T02:25:06Z"}
{"item": "smart belt", "user": 704, "date": "2023-09-30T02:25:06Z"}
{"item": "smart mirror", "user": 944, "date": "2023-09-30T02:25:06Z"}
{"item": "home theater projector", "user": 833, "date": "2023-09-30T02:25:06Z"}
{"item": "home theater projector", "user": 428, "date": "2023-09-30T02:25:06Z"}
{"item": "printer", "user": 557, "date": "2023-09-30T02:25:06Z"}
{"item": "document camera", "user": 247, "date": "2023-09-30T02:25:06Z"}
{"item": "wireless keyboard", "user": 824, "date": "2023-09-30T02:25:06Z"}
{"item": "RAM", "user": 947, "date": "2023-09-30T02:25:06Z"}
{"item": "wireless presenter", "user": 241, "date": "2023-09-30T02:25:06Z"}
{"item": "wireless earbuds", "user": 795, "date": "2023-09-30T02:25:06Z"}
{"item": "robotic prosthetic", "user": 336, "date": "2023-09-30T02:25:06Z"}
{"item": "handheld scanner", "user": 649, "date": "2023-09-30T02:25:06Z"}
{"item": "cable tester", "user": 630, "date": "2023-09-30T02:25:06Z"}
{"item": "USB flash drive", "user": 840, "date": "2023-09-30T02:25:06Z"}
